<?xml version="1.0" encoding="UTF-8"?>
<testsuite name="com.rousecontext.tunnel.TunnelClientImplTest" tests="5" skipped="0" failures="0" errors="0" timestamp="2026-04-05T11:39:38" hostname="kaladin" time="0.595">
  <properties/>
  <testcase name="connect transitions DISCONNECTED to CONNECTING to CONNECTED[jvm]" classname="com.rousecontext.tunnel.TunnelClientImplTest" time="0.356"/>
  <testcase name="connection failure emits error on SharedFlow[jvm]" classname="com.rousecontext.tunnel.TunnelClientImplTest" time="0.007"/>
  <testcase name="WebSocket drop transitions to DISCONNECTED[jvm]" classname="com.rousecontext.tunnel.TunnelClientImplTest" time="0.211"/>
  <testcase name="disconnect sends CLOSE for all streams[jvm]" classname="com.rousecontext.tunnel.TunnelClientImplTest" time="0.013"/>
  <testcase name="OPEN frame received emits to incomingSessions[jvm]" classname="com.rousecontext.tunnel.TunnelClientImplTest" time="0.008"/>
  <system-out><![CDATA[]]></system-out>
  <system-err><![CDATA[SLF4J(W): No SLF4J providers were found.
SLF4J(W): Defaulting to no-operation (NOP) logger implementation
SLF4J(W): See https://www.slf4j.org/codes.html#noProviders for further details.
]]></system-err>
</testsuite>
