<?xml version="1.0" encoding="UTF-8"?>
<testsuite name="com.rousecontext.tunnel.OnboardingFlowTest" tests="5" skipped="0" failures="0" errors="0" timestamp="2026-04-05T11:52:02" hostname="kaladin" time="1.319">
  <properties/>
  <testcase name="relay unreachable returns network error[jvm]" classname="com.rousecontext.tunnel.OnboardingFlowTest" time="0.264"/>
  <testcase name="full onboarding flow succeeds[jvm]" classname="com.rousecontext.tunnel.OnboardingFlowTest" time="0.277"/>
  <testcase name="partial failure leaves no state[jvm]" classname="com.rousecontext.tunnel.OnboardingFlowTest" time="0.252"/>
  <testcase name="relay returns server error[jvm]" classname="com.rousecontext.tunnel.OnboardingFlowTest" time="0.243"/>
  <testcase name="rate limited returns error with retry_after[jvm]" classname="com.rousecontext.tunnel.OnboardingFlowTest" time="0.283"/>
  <system-out><![CDATA[]]></system-out>
  <system-err><![CDATA[]]></system-err>
</testsuite>
