<?xml version="1.0" encoding="UTF-8"?>
<testsuite name="com.rousecontext.tunnel.CertRenewalTest" tests="7" skipped="0" failures="0" errors="0" timestamp="2026-04-05T11:51:59" hostname="kaladin" time="2.553">
  <properties/>
  <testcase name="network failure retries with backoff[jvm]" classname="com.rousecontext.tunnel.CertRenewalTest" time="0.908"/>
  <testcase name="rate limited schedules retry[jvm]" classname="com.rousecontext.tunnel.CertRenewalTest" time="0.404"/>
  <testcase name="Firebase renewal succeeds with expired cert[jvm]" classname="com.rousecontext.tunnel.CertRenewalTest" time="0.298"/>
  <testcase name="mTLS renewal succeeds with valid cert[jvm]" classname="com.rousecontext.tunnel.CertRenewalTest" time="0.279"/>
  <testcase name="no certificate returns NoCertificate[jvm]" classname="com.rousecontext.tunnel.CertRenewalTest" time="0.206"/>
  <testcase name="expired cert returns CertExpired for mTLS path[jvm]" classname="com.rousecontext.tunnel.CertRenewalTest" time="0.206"/>
  <testcase name="CN mismatch rejected[jvm]" classname="com.rousecontext.tunnel.CertRenewalTest" time="0.252"/>
  <system-out><![CDATA[]]></system-out>
  <system-err><![CDATA[SLF4J(W): No SLF4J providers were found.
SLF4J(W): Defaulting to no-operation (NOP) logger implementation
SLF4J(W): See https://www.slf4j.org/codes.html#noProviders for further details.
]]></system-err>
</testsuite>
